{"total": {"lines":{"total":435,"covered":422,"skipped":0,"pct":97.01},"statements":{"total":451,"covered":435,"skipped":0,"pct":96.45},"functions":{"total":111,"covered":110,"skipped":0,"pct":99.09},"branches":{"total":303,"covered":277,"skipped":0,"pct":91.41},"branchesTrue":{"total":0,"covered":0,"skipped":0,"pct":100}}
,"D:\\UNG DUNG AI\\TOOL AI 2026\\Controlled-Vibe-Framework-CVF\\EXTENSIONS\\CVF_v1.7.1_SAFETY_RUNTIME\\kernel-architecture\\internal_ledger\\boundary_snapshot.ts": {"lines":{"total":3,"covered":3,"skipped":0,"pct":100},"functions":{"total":3,"covered":3,"skipped":0,"pct":100},"statements":{"total":3,"covered":3,"skipped":0,"pct":100},"branches":{"total":0,"covered":0,"skipped":0,"pct":100}}
,"D:\\UNG DUNG AI\\TOOL AI 2026\\Controlled-Vibe-Framework-CVF\\EXTENSIONS\\CVF_v1.7.1_SAFETY_RUNTIME\\kernel-architecture\\internal_ledger\\lineage_tracker.ts": {"lines":{"total":3,"covered":3,"skipped":0,"pct":100},"functions":{"total":3,"covered":3,"skipped":0,"pct":100},"statements":{"total":3,"covered":3,"skipped":0,"pct":100},"branches":{"total":0,"covered":0,"skipped":0,"pct":100}}
,"D:\\UNG DUNG AI\\TOOL AI 2026\\Controlled-Vibe-Framework-CVF\\EXTENSIONS\\CVF_v1.7.1_SAFETY_RUNTIME\\kernel-architecture\\internal_ledger\\risk_evolution.ts": {"lines":{"total":3,"covered":3,"skipped":0,"pct":100},"functions":{"total":3,"covered":3,"skipped":0,"pct":100},"statements":{"total":3,"covered":3,"skipped":0,"pct":100},"branches":{"total":0,"covered":0,"skipped":0,"pct":100}}
,"D:\\UNG DUNG AI\\TOOL AI 2026\\Controlled-Vibe-Framework-CVF\\EXTENSIONS\\CVF_v1.7.1_SAFETY_RUNTIME\\kernel-architecture\\kernel\\01_domain_lock\\boundary_rules.ts": {"lines":{"total":3,"covered":3,"skipped":0,"pct":100},"functions":{"total":1,"covered":1,"skipped":0,"pct":100},"statements":{"total":5,"covered":4,"skipped":0,"pct":80},"branches":{"total":6,"covered":5,"skipped":0,"pct":83.33}}
,"D:\\UNG DUNG AI\\TOOL AI 2026\\Controlled-Vibe-Framework-CVF\\EXTENSIONS\\CVF_v1.7.1_SAFETY_RUNTIME\\kernel-architecture\\kernel\\01_domain_lock\\domain.registry.ts": {"lines":{"total":14,"covered":14,"skipped":0,"pct":100},"functions":{"total":6,"covered":6,"skipped":0,"pct":100},"statements":{"total":14,"covered":14,"skipped":0,"pct":100},"branches":{"total":2,"covered":2,"skipped":0,"pct":100}}
,"D:\\UNG DUNG AI\\TOOL AI 2026\\Controlled-Vibe-Framework-CVF\\EXTENSIONS\\CVF_v1.7.1_SAFETY_RUNTIME\\kernel-architecture\\kernel\\01_domain_lock\\domain_classifier.ts": {"lines":{"total":10,"covered":7,"skipped":0,"pct":70},"functions":{"total":1,"covered":1,"skipped":0,"pct":100},"statements":{"total":10,"covered":7,"skipped":0,"pct":70},"branches":{"total":16,"covered":13,"skipped":0,"pct":81.25}}
,"D:\\UNG DUNG AI\\TOOL AI 2026\\Controlled-Vibe-Framework-CVF\\EXTENSIONS\\CVF_v1.7.1_SAFETY_RUNTIME\\kernel-architecture\\kernel\\01_domain_lock\\domain_guard.ts": {"lines":{"total":12,"covered":12,"skipped":0,"pct":100},"functions":{"total":3,"covered":3,"skipped":0,"pct":100},"statements":{"total":12,"covered":12,"skipped":0,"pct":100},"branches":{"total":8,"covered":8,"skipped":0,"pct":100}}
,"D:\\UNG DUNG AI\\TOOL AI 2026\\Controlled-Vibe-Framework-CVF\\EXTENSIONS\\CVF_v1.7.1_SAFETY_RUNTIME\\kernel-architecture\\kernel\\01_domain_lock\\domain_lock_engine.ts": {"lines":{"total":18,"covered":18,"skipped":0,"pct":100},"functions":{"total":2,"covered":2,"skipped":0,"pct":100},"statements":{"total":18,"covered":18,"skipped":0,"pct":100},"branches":{"total":10,"covered":9,"skipped":0,"pct":90}}
,"D:\\UNG DUNG AI\\TOOL AI 2026\\Controlled-Vibe-Framework-CVF\\EXTENSIONS\\CVF_v1.7.1_SAFETY_RUNTIME\\kernel-architecture\\kernel\\01_domain_lock\\scope_resolver.ts": {"lines":{"total":9,"covered":7,"skipped":0,"pct":77.77},"functions":{"total":1,"covered":1,"skipped":0,"pct":100},"statements":{"total":9,"covered":7,"skipped":0,"pct":77.77},"branches":{"total":4,"covered":3,"skipped":0,"pct":75}}
,"D:\\UNG DUNG AI\\TOOL AI 2026\\Controlled-Vibe-Framework-CVF\\EXTENSIONS\\CVF_v1.7.1_SAFETY_RUNTIME\\kernel-architecture\\kernel\\02_contract_runtime\\consumer_authority_matrix.ts": {"lines":{"total":3,"covered":3,"skipped":0,"pct":100},"functions":{"total":1,"covered":1,"skipped":0,"pct":100},"statements":{"total":3,"covered":3,"skipped":0,"pct":100},"branches":{"total":3,"covered":3,"skipped":0,"pct":100}}
,"D:\\UNG DUNG AI\\TOOL AI 2026\\Controlled-Vibe-Framework-CVF\\EXTENSIONS\\CVF_v1.7.1_SAFETY_RUNTIME\\kernel-architecture\\kernel\\02_contract_runtime\\contract_enforcer.ts": {"lines":{"total":25,"covered":23,"skipped":0,"pct":92},"functions":{"total":4,"covered":4,"skipped":0,"pct":100},"statements":{"total":25,"covered":23,"skipped":0,"pct":92},"branches":{"total":25,"covered":18,"skipped":0,"pct":72}}
,"D:\\UNG DUNG AI\\TOOL AI 2026\\Controlled-Vibe-Framework-CVF\\EXTENSIONS\\CVF_v1.7.1_SAFETY_RUNTIME\\kernel-architecture\\kernel\\02_contract_runtime\\contract_runtime_engine.ts": {"lines":{"total":13,"covered":13,"skipped":0,"pct":100},"functions":{"total":2,"covered":2,"skipped":0,"pct":100},"statements":{"total":13,"covered":13,"skipped":0,"pct":100},"branches":{"total":6,"covered":6,"skipped":0,"pct":100}}
,"D:\\UNG DUNG AI\\TOOL AI 2026\\Controlled-Vibe-Framework-CVF\\EXTENSIONS\\CVF_v1.7.1_SAFETY_RUNTIME\\kernel-architecture\\kernel\\02_contract_runtime\\contract_validator.ts": {"lines":{"total":8,"covered":8,"skipped":0,"pct":100},"functions":{"total":2,"covered":2,"skipped":0,"pct":100},"statements":{"total":8,"covered":8,"skipped":0,"pct":100},"branches":{"total":14,"covered":14,"skipped":0,"pct":100}}
,"D:\\UNG DUNG AI\\TOOL AI 2026\\Controlled-Vibe-Framework-CVF\\EXTENSIONS\\CVF_v1.7.1_SAFETY_RUNTIME\\kernel-architecture\\kernel\\02_contract_runtime\\io_contract_registry.ts": {"lines":{"total":6,"covered":6,"skipped":0,"pct":100},"functions":{"total":4,"covered":4,"skipped":0,"pct":100},"statements":{"total":6,"covered":6,"skipped":0,"pct":100},"branches":{"total":2,"covered":2,"skipped":0,"pct":100}}
,"D:\\UNG DUNG AI\\TOOL AI 2026\\Controlled-Vibe-Framework-CVF\\EXTENSIONS\\CVF_v1.7.1_SAFETY_RUNTIME\\kernel-architecture\\kernel\\02_contract_runtime\\output_validator.ts": {"lines":{"total":12,"covered":12,"skipped":0,"pct":100},"functions":{"total":1,"covered":1,"skipped":0,"pct":100},"statements":{"total":13,"covered":13,"skipped":0,"pct":100},"branches":{"total":18,"covered":18,"skipped":0,"pct":100}}
,"D:\\UNG DUNG AI\\TOOL AI 2026\\Controlled-Vibe-Framework-CVF\\EXTENSIONS\\CVF_v1.7.1_SAFETY_RUNTIME\\kernel-architecture\\kernel\\02_contract_runtime\\transformation_guard.ts": {"lines":{"total":2,"covered":2,"skipped":0,"pct":100},"functions":{"total":1,"covered":1,"skipped":0,"pct":100},"statements":{"total":2,"covered":2,"skipped":0,"pct":100},"branches":{"total":4,"covered":4,"skipped":0,"pct":100}}
,"D:\\UNG DUNG AI\\TOOL AI 2026\\Controlled-Vibe-Framework-CVF\\EXTENSIONS\\CVF_v1.7.1_SAFETY_RUNTIME\\kernel-architecture\\kernel\\03_contamination_guard\\assumption_tracker.ts": {"lines":{"total":7,"covered":6,"skipped":0,"pct":85.71},"functions":{"total":1,"covered":1,"skipped":0,"pct":100},"statements":{"total":7,"covered":6,"skipped":0,"pct":85.71},"branches":{"total":4,"covered":3,"skipped":0,"pct":75}}
,"D:\\UNG DUNG AI\\TOOL AI 2026\\Controlled-Vibe-Framework-CVF\\EXTENSIONS\\CVF_v1.7.1_SAFETY_RUNTIME\\kernel-architecture\\kernel\\03_contamination_guard\\drift_detector.ts": {"lines":{"total":10,"covered":10,"skipped":0,"pct":100},"functions":{"total":1,"covered":1,"skipped":0,"pct":100},"statements":{"total":10,"covered":10,"skipped":0,"pct":100},"branches":{"total":6,"covered":6,"skipped":0,"pct":100}}
,"D:\\UNG DUNG AI\\TOOL AI 2026\\Controlled-Vibe-Framework-CVF\\EXTENSIONS\\CVF_v1.7.1_SAFETY_RUNTIME\\kernel-architecture\\kernel\\03_contamination_guard\\lineage_graph.ts": {"lines":{"total":5,"covered":5,"skipped":0,"pct":100},"functions":{"total":4,"covered":4,"skipped":0,"pct":100},"statements":{"total":5,"covered":5,"skipped":0,"pct":100},"branches":{"total":0,"covered":0,"skipped":0,"pct":100}}
,"D:\\UNG DUNG AI\\TOOL AI 2026\\Controlled-Vibe-Framework-CVF\\EXTENSIONS\\CVF_v1.7.1_SAFETY_RUNTIME\\kernel-architecture\\kernel\\03_contamination_guard\\risk.matrix.ts": {"lines":{"total":1,"covered":1,"skipped":0,"pct":100},"functions":{"total":0,"covered":0,"skipped":0,"pct":100},"statements":{"total":1,"covered":1,"skipped":0,"pct":100},"branches":{"total":0,"covered":0,"skipped":0,"pct":100}}
,"D:\\UNG DUNG AI\\TOOL AI 2026\\Controlled-Vibe-Framework-CVF\\EXTENSIONS\\CVF_v1.7.1_SAFETY_RUNTIME\\kernel-architecture\\kernel\\03_contamination_guard\\risk_detector.ts": {"lines":{"total":11,"covered":10,"skipped":0,"pct":90.9},"functions":{"total":1,"covered":1,"skipped":0,"pct":100},"statements":{"total":11,"covered":10,"skipped":0,"pct":90.9},"branches":{"total":16,"covered":15,"skipped":0,"pct":93.75}}
,"D:\\UNG DUNG AI\\TOOL AI 2026\\Controlled-Vibe-Framework-CVF\\EXTENSIONS\\CVF_v1.7.1_SAFETY_RUNTIME\\kernel-architecture\\kernel\\03_contamination_guard\\risk_propagation_engine.ts": {"lines":{"total":10,"covered":9,"skipped":0,"pct":90},"functions":{"total":1,"covered":1,"skipped":0,"pct":100},"statements":{"total":10,"covered":9,"skipped":0,"pct":90},"branches":{"total":14,"covered":11,"skipped":0,"pct":78.57}}
,"D:\\UNG DUNG AI\\TOOL AI 2026\\Controlled-Vibe-Framework-CVF\\EXTENSIONS\\CVF_v1.7.1_SAFETY_RUNTIME\\kernel-architecture\\kernel\\03_contamination_guard\\risk_scorer.ts": {"lines":{"total":26,"covered":26,"skipped":0,"pct":100},"functions":{"total":6,"covered":6,"skipped":0,"pct":100},"statements":{"total":38,"covered":36,"skipped":0,"pct":94.73},"branches":{"total":36,"covered":34,"skipped":0,"pct":94.44}}
,"D:\\UNG DUNG AI\\TOOL AI 2026\\Controlled-Vibe-Framework-CVF\\EXTENSIONS\\CVF_v1.7.1_SAFETY_RUNTIME\\kernel-architecture\\kernel\\03_contamination_guard\\rollback_controller.ts": {"lines":{"total":5,"covered":5,"skipped":0,"pct":100},"functions":{"total":1,"covered":1,"skipped":0,"pct":100},"statements":{"total":5,"covered":5,"skipped":0,"pct":100},"branches":{"total":4,"covered":4,"skipped":0,"pct":100}}
,"D:\\UNG DUNG AI\\TOOL AI 2026\\Controlled-Vibe-Framework-CVF\\EXTENSIONS\\CVF_v1.7.1_SAFETY_RUNTIME\\kernel-architecture\\kernel\\04_refusal_router\\alternative_route_engine.ts": {"lines":{"total":1,"covered":1,"skipped":0,"pct":100},"functions":{"total":1,"covered":1,"skipped":0,"pct":100},"statements":{"total":1,"covered":1,"skipped":0,"pct":100},"branches":{"total":0,"covered":0,"skipped":0,"pct":100}}
,"D:\\UNG DUNG AI\\TOOL AI 2026\\Controlled-Vibe-Framework-CVF\\EXTENSIONS\\CVF_v1.7.1_SAFETY_RUNTIME\\kernel-architecture\\kernel\\04_refusal_router\\capability.guard.ts": {"lines":{"total":4,"covered":4,"skipped":0,"pct":100},"functions":{"total":2,"covered":2,"skipped":0,"pct":100},"statements":{"total":4,"covered":4,"skipped":0,"pct":100},"branches":{"total":2,"covered":1,"skipped":0,"pct":50}}
,"D:\\UNG DUNG AI\\TOOL AI 2026\\Controlled-Vibe-Framework-CVF\\EXTENSIONS\\CVF_v1.7.1_SAFETY_RUNTIME\\kernel-architecture\\kernel\\04_refusal_router\\capability.registry.ts": {"lines":{"total":1,"covered":1,"skipped":0,"pct":100},"functions":{"total":0,"covered":0,"skipped":0,"pct":100},"statements":{"total":1,"covered":1,"skipped":0,"pct":100},"branches":{"total":0,"covered":0,"skipped":0,"pct":100}}
,"D:\\UNG DUNG AI\\TOOL AI 2026\\Controlled-Vibe-Framework-CVF\\EXTENSIONS\\CVF_v1.7.1_SAFETY_RUNTIME\\kernel-architecture\\kernel\\04_refusal_router\\clarification_generator.ts": {"lines":{"total":1,"covered":1,"skipped":0,"pct":100},"functions":{"total":1,"covered":1,"skipped":0,"pct":100},"statements":{"total":1,"covered":1,"skipped":0,"pct":100},"branches":{"total":0,"covered":0,"skipped":0,"pct":100}}
,"D:\\UNG DUNG AI\\TOOL AI 2026\\Controlled-Vibe-Framework-CVF\\EXTENSIONS\\CVF_v1.7.1_SAFETY_RUNTIME\\kernel-architecture\\kernel\\04_refusal_router\\refusal.authority.policy.ts": {"lines":{"total":1,"covered":1,"skipped":0,"pct":100},"functions":{"total":1,"covered":1,"skipped":0,"pct":100},"statements":{"total":1,"covered":1,"skipped":0,"pct":100},"branches":{"total":0,"covered":0,"skipped":0,"pct":100}}
,"D:\\UNG DUNG AI\\TOOL AI 2026\\Controlled-Vibe-Framework-CVF\\EXTENSIONS\\CVF_v1.7.1_SAFETY_RUNTIME\\kernel-architecture\\kernel\\04_refusal_router\\refusal.execution.ts": {"lines":{"total":2,"covered":2,"skipped":0,"pct":100},"functions":{"total":2,"covered":2,"skipped":0,"pct":100},"statements":{"total":2,"covered":2,"skipped":0,"pct":100},"branches":{"total":0,"covered":0,"skipped":0,"pct":100}}
,"D:\\UNG DUNG AI\\TOOL AI 2026\\Controlled-Vibe-Framework-CVF\\EXTENSIONS\\CVF_v1.7.1_SAFETY_RUNTIME\\kernel-architecture\\kernel\\04_refusal_router\\refusal.risk.ts": {"lines":{"total":13,"covered":13,"skipped":0,"pct":100},"functions":{"total":2,"covered":2,"skipped":0,"pct":100},"statements":{"total":13,"covered":13,"skipped":0,"pct":100},"branches":{"total":6,"covered":6,"skipped":0,"pct":100}}
,"D:\\UNG DUNG AI\\TOOL AI 2026\\Controlled-Vibe-Framework-CVF\\EXTENSIONS\\CVF_v1.7.1_SAFETY_RUNTIME\\kernel-architecture\\kernel\\04_refusal_router\\refusal.router.ts": {"lines":{"total":13,"covered":13,"skipped":0,"pct":100},"functions":{"total":2,"covered":2,"skipped":0,"pct":100},"statements":{"total":13,"covered":13,"skipped":0,"pct":100},"branches":{"total":8,"covered":8,"skipped":0,"pct":100}}
,"D:\\UNG DUNG AI\\TOOL AI 2026\\Controlled-Vibe-Framework-CVF\\EXTENSIONS\\CVF_v1.7.1_SAFETY_RUNTIME\\kernel-architecture\\kernel\\04_refusal_router\\refusal_policy.ts": {"lines":{"total":12,"covered":12,"skipped":0,"pct":100},"functions":{"total":3,"covered":3,"skipped":0,"pct":100},"statements":{"total":12,"covered":12,"skipped":0,"pct":100},"branches":{"total":14,"covered":14,"skipped":0,"pct":100}}
,"D:\\UNG DUNG AI\\TOOL AI 2026\\Controlled-Vibe-Framework-CVF\\EXTENSIONS\\CVF_v1.7.1_SAFETY_RUNTIME\\kernel-architecture\\kernel\\04_refusal_router\\refusal_policy_registry.ts": {"lines":{"total":6,"covered":6,"skipped":0,"pct":100},"functions":{"total":2,"covered":2,"skipped":0,"pct":100},"statements":{"total":6,"covered":6,"skipped":0,"pct":100},"branches":{"total":2,"covered":2,"skipped":0,"pct":100}}
,"D:\\UNG DUNG AI\\TOOL AI 2026\\Controlled-Vibe-Framework-CVF\\EXTENSIONS\\CVF_v1.7.1_SAFETY_RUNTIME\\kernel-architecture\\kernel\\04_refusal_router\\safe_rewrite_engine.ts": {"lines":{"total":1,"covered":1,"skipped":0,"pct":100},"functions":{"total":1,"covered":1,"skipped":0,"pct":100},"statements":{"total":1,"covered":1,"skipped":0,"pct":100},"branches":{"total":0,"covered":0,"skipped":0,"pct":100}}
,"D:\\UNG DUNG AI\\TOOL AI 2026\\Controlled-Vibe-Framework-CVF\\EXTENSIONS\\CVF_v1.7.1_SAFETY_RUNTIME\\kernel-architecture\\kernel\\05_creative_control\\audit.logger.ts": {"lines":{"total":3,"covered":3,"skipped":0,"pct":100},"functions":{"total":3,"covered":3,"skipped":0,"pct":100},"statements":{"total":3,"covered":3,"skipped":0,"pct":100},"branches":{"total":0,"covered":0,"skipped":0,"pct":100}}
,"D:\\UNG DUNG AI\\TOOL AI 2026\\Controlled-Vibe-Framework-CVF\\EXTENSIONS\\CVF_v1.7.1_SAFETY_RUNTIME\\kernel-architecture\\kernel\\05_creative_control\\creative.controller.ts": {"lines":{"total":11,"covered":10,"skipped":0,"pct":90.9},"functions":{"total":4,"covered":4,"skipped":0,"pct":100},"statements":{"total":11,"covered":10,"skipped":0,"pct":90.9},"branches":{"total":4,"covered":3,"skipped":0,"pct":75}}
,"D:\\UNG DUNG AI\\TOOL AI 2026\\Controlled-Vibe-Framework-CVF\\EXTENSIONS\\CVF_v1.7.1_SAFETY_RUNTIME\\kernel-architecture\\kernel\\05_creative_control\\creative_permission.policy.ts": {"lines":{"total":4,"covered":4,"skipped":0,"pct":100},"functions":{"total":1,"covered":1,"skipped":0,"pct":100},"statements":{"total":4,"covered":4,"skipped":0,"pct":100},"branches":{"total":2,"covered":2,"skipped":0,"pct":100}}
,"D:\\UNG DUNG AI\\TOOL AI 2026\\Controlled-Vibe-Framework-CVF\\EXTENSIONS\\CVF_v1.7.1_SAFETY_RUNTIME\\kernel-architecture\\kernel\\05_creative_control\\creative_provenance.tagger.ts": {"lines":{"total":1,"covered":1,"skipped":0,"pct":100},"functions":{"total":1,"covered":1,"skipped":0,"pct":100},"statements":{"total":1,"covered":1,"skipped":0,"pct":100},"branches":{"total":0,"covered":0,"skipped":0,"pct":100}}
,"D:\\UNG DUNG AI\\TOOL AI 2026\\Controlled-Vibe-Framework-CVF\\EXTENSIONS\\CVF_v1.7.1_SAFETY_RUNTIME\\kernel-architecture\\kernel\\05_creative_control\\invariant.checker.ts": {"lines":{"total":7,"covered":7,"skipped":0,"pct":100},"functions":{"total":5,"covered":5,"skipped":0,"pct":100},"statements":{"total":8,"covered":8,"skipped":0,"pct":100},"branches":{"total":4,"covered":4,"skipped":0,"pct":100}}
,"D:\\UNG DUNG AI\\TOOL AI 2026\\Controlled-Vibe-Framework-CVF\\EXTENSIONS\\CVF_v1.7.1_SAFETY_RUNTIME\\kernel-architecture\\kernel\\05_creative_control\\lineage.store.ts": {"lines":{"total":3,"covered":3,"skipped":0,"pct":100},"functions":{"total":3,"covered":3,"skipped":0,"pct":100},"statements":{"total":3,"covered":3,"skipped":0,"pct":100},"branches":{"total":0,"covered":0,"skipped":0,"pct":100}}
,"D:\\UNG DUNG AI\\TOOL AI 2026\\Controlled-Vibe-Framework-CVF\\EXTENSIONS\\CVF_v1.7.1_SAFETY_RUNTIME\\kernel-architecture\\kernel\\05_creative_control\\trace.reporter.ts": {"lines":{"total":3,"covered":3,"skipped":0,"pct":100},"functions":{"total":2,"covered":2,"skipped":0,"pct":100},"statements":{"total":3,"covered":3,"skipped":0,"pct":100},"branches":{"total":0,"covered":0,"skipped":0,"pct":100}}
,"D:\\UNG DUNG AI\\TOOL AI 2026\\Controlled-Vibe-Framework-CVF\\EXTENSIONS\\CVF_v1.7.1_SAFETY_RUNTIME\\kernel-architecture\\runtime\\execution_orchestrator.ts": {"lines":{"total":110,"covered":108,"skipped":0,"pct":98.18},"functions":{"total":12,"covered":11,"skipped":0,"pct":91.66},"statements":{"total":110,"covered":108,"skipped":0,"pct":98.18},"branches":{"total":53,"covered":49,"skipped":0,"pct":92.45}}
,"D:\\UNG DUNG AI\\TOOL AI 2026\\Controlled-Vibe-Framework-CVF\\EXTENSIONS\\CVF_v1.7.1_SAFETY_RUNTIME\\kernel-architecture\\runtime\\kernel_runtime_entrypoint.ts": {"lines":{"total":5,"covered":5,"skipped":0,"pct":100},"functions":{"total":4,"covered":4,"skipped":0,"pct":100},"statements":{"total":5,"covered":5,"skipped":0,"pct":100},"branches":{"total":1,"covered":1,"skipped":0,"pct":100}}
,"D:\\UNG DUNG AI\\TOOL AI 2026\\Controlled-Vibe-Framework-CVF\\EXTENSIONS\\CVF_v1.7.1_SAFETY_RUNTIME\\kernel-architecture\\runtime\\llm_adapter.ts": {"lines":{"total":10,"covered":10,"skipped":0,"pct":100},"functions":{"total":2,"covered":2,"skipped":0,"pct":100},"statements":{"total":10,"covered":10,"skipped":0,"pct":100},"branches":{"total":9,"covered":9,"skipped":0,"pct":100}}
,"D:\\UNG DUNG AI\\TOOL AI 2026\\Controlled-Vibe-Framework-CVF\\EXTENSIONS\\CVF_v1.7.1_SAFETY_RUNTIME\\kernel-architecture\\runtime\\session_state.ts": {"lines":{"total":4,"covered":4,"skipped":0,"pct":100},"functions":{"total":4,"covered":4,"skipped":0,"pct":100},"statements":{"total":4,"covered":4,"skipped":0,"pct":100},"branches":{"total":0,"covered":0,"skipped":0,"pct":100}}
}
